<?xml version="1.0" encoding="UTF-8"?>
<!-- Generated by org.testng.reporters.JUnitXMLReporter -->
<testsuite ignored="0" hostname="Shilpa" failures="0" tests="3" name="Test-1" time="86.356" errors="0" timestamp="13 Feb 2025 07:40:47 GMT">
  <testcase classname="com.comcast.crm.orgtest.CreateOrgTest_testng" name="createOrgTest" time="19.24"/>
  <testcase classname="com.comcast.crm.orgtest.CreateOrgTest_testng" name="createOrgWithIndustryTest" time="19.34"/>
  <testcase classname="com.comcast.crm.orgtest.CreateOrgTest_testng" name="createOrgWithPhoneNoTest" time="18.916"/>
</testsuite> <!-- Test-1 -->
