<?xml version="1.0" encoding="UTF-8"?>
<!-- Generated by org.testng.reporters.JUnitXMLReporter -->
<testsuite ignored="0" hostname="Shilpa" failures="0" tests="3" name="Test-2" time="98.107" errors="0" timestamp="13 Feb 2025 07:40:59 GMT">
  <testcase classname="com.comcast.crm.contacttest.CreateContactTest_testng" name="createContact" time="18.362"/>
  <testcase classname="com.comcast.crm.contacttest.CreateContactTest_testng" name="createContactWithOrg" time="38.495"/>
  <testcase classname="com.comcast.crm.contacttest.CreateContactTest_testng" name="createContactWithSupportDateTest" time="16.529"/>
</testsuite> <!-- Test-2 -->
