<?xml version="1.0" encoding="UTF-8"?>
<!-- Generated by org.testng.reporters.JUnitReportReporter -->
<testsuite hostname="Shilpa" failures="0" tests="1" name="practice.test.DemoQsidersDynamicWebTable" time="16.448" errors="0" timestamp="2025-02-18T15:02:19 IST" skipped="0">
  <testcase classname="practice.test.DemoQsidersDynamicWebTable" name="edit" time="16.448"/>
  <system-out/>
</testsuite> <!-- practice.test.DemoQsidersDynamicWebTable -->
