<?xml version="1.0" encoding="UTF-8"?>
<!-- Generated by org.testng.reporters.JUnitReportReporter -->
<testsuite hostname="Shilpa" failures="0" tests="1" name="miscellaneous_topics.SelectDate" time="5.020" errors="0" timestamp="2025-02-17T16:20:11 IST" skipped="0">
  <testcase classname="miscellaneous_topics.SelectDate" name="goIbiboSelectDate" time="5.020"/>
  <system-out/>
</testsuite> <!-- miscellaneous_topics.SelectDate -->
