<?xml version="1.0" encoding="UTF-8"?>
<!-- Generated by org.testng.reporters.JUnitReportReporter -->
<testsuite hostname="Shilpa" failures="0" tests="3" name="practice.testng.SampleReportTest" time="5.431" errors="0" timestamp="2025-02-19T16:14:06 IST" skipped="0">
  <testcase classname="practice.testng.SampleReportTest" name="createContactWithOrgTest" time="0.001"/>
  <system-out/>
  <testcase classname="practice.testng.SampleReportTest" name="createContactTest" time="5.429"/>
  <system-out/>
  <testcase classname="practice.testng.SampleReportTest" name="createContactWithPhoneNoTest" time="0.001"/>
  <system-out/>
</testsuite> <!-- practice.testng.SampleReportTest -->
