<?xml version="1.0" encoding="UTF-8"?>
<!-- Generated by org.testng.reporters.JUnitReportReporter -->
<testsuite hostname="Shilpa" failures="0" tests="1" name="miscellaneous_topics.BrokenLinkConcept" time="63.873" errors="0" timestamp="2025-02-17T17:11:26 IST" skipped="0">
  <testcase classname="miscellaneous_topics.BrokenLinkConcept" name="findBrokenLink_demoapps" time="63.873"/>
  <system-out/>
</testsuite> <!-- miscellaneous_topics.BrokenLinkConcept -->
