<?xml version="1.0" encoding="UTF-8"?>
<!-- Generated by org.testng.reporters.JUnitReportReporter -->
<testsuite hostname="Shilpa" failures="0" tests="1" name="com.comcast.crm.contacttest.CreateContactTest_testng" time="39.557" errors="0" timestamp="2025-02-20T15:59:16 IST" skipped="0">
  <testcase classname="com.comcast.crm.contacttest.CreateContactTest_testng" name="createContact" time="39.557"/>
  <system-out/>
</testsuite> <!-- com.comcast.crm.contacttest.CreateContactTest_testng -->
