<?xml version="1.0" encoding="UTF-8"?>
<!-- Generated by org.testng.reporters.JUnitReportReporter -->
<testsuite hostname="Shilpa" failures="0" tests="1" name="practice.pom.repository.SampleTestWithPom" time="8.423" errors="0" timestamp="08 Feb 2025 05:09:12 GMT" skipped="0">
  <testcase classname="practice.pom.repository.SampleTestWithPom" name="SampleTest" time="8.423"/>
</testsuite> <!-- practice.pom.repository.SampleTestWithPom -->
