<?xml version="1.0" encoding="UTF-8"?>
<!-- Generated by org.testng.reporters.JUnitReportReporter -->
<testsuite hostname="Shilpa" failures="0" tests="2" name="com.comcast.crm.orgtest.CreateOrgTest_testng" time="24.784" errors="0" timestamp="2025-02-20T16:18:34 IST" skipped="0">
  <testcase classname="com.comcast.crm.orgtest.CreateOrgTest_testng" name="createOrgTest" time="11.555"/>
  <system-out/>
  <testcase classname="com.comcast.crm.orgtest.CreateOrgTest_testng" name="createOrgTest" time="13.229"/>
  <system-out/>
</testsuite> <!-- com.comcast.crm.orgtest.CreateOrgTest_testng -->
